{"timestamp":"2026-02-26T04:08:37.099928Z","level":"info","event":"DAG bundles loaded: dags-folder, example_dags","logger":"airflow.dag_processing.bundles.manager.DagBundlesManager","filename":"manager.py","lineno":179}
{"timestamp":"2026-02-26T04:08:37.102968Z","level":"info","event":"Filling up the DagBag from /opt/airflow/dags/download_rocket_launcher.py","logger":"airflow.models.dagbag.BundleDagBag","filename":"dagbag.py","lineno":593}
{"timestamp":"2026-02-26T04:08:37.133803Z","level":"warning","event":"The `airflow.operators.bash.BashOperator` attribute is deprecated. Please use `'airflow.providers.standard.operators.bash.BashOperator'`.","category":"DeprecatedImportWarning","filename":"/opt/airflow/dags/download_rocket_launcher.py","lineno":8,"logger":"py.warnings"}
{"timestamp":"2026-02-26T04:08:37.134326Z","level":"warning","event":"The `airflow.operators.python.PythonOperator` attribute is deprecated. Please use `'airflow.providers.standard.operators.python.PythonOperator'`.","category":"DeprecatedImportWarning","filename":"/opt/airflow/dags/download_rocket_launcher.py","lineno":9,"logger":"py.warnings"}
{"timestamp":"2026-02-26T04:08:37.167207Z","level":"info","event":"Task instance is in running state","logger":"task.stdout"}
{"timestamp":"2026-02-26T04:08:37.168251Z","level":"info","event":" Previous state of the Task instance: TaskInstanceState.QUEUED","logger":"task.stdout"}
{"timestamp":"2026-02-26T04:08:37.168917Z","level":"info","event":"Current task name:get_pictures","logger":"task.stdout"}
{"timestamp":"2026-02-26T04:08:37.169351Z","level":"info","event":"Dag name:download_rocket_launcher","logger":"task.stdout"}
{"timestamp":"2026-02-26T04:08:39.505374Z","level":"info","event":"Downloaded image https://thespacedevs-prod.nyc3.digitaloceanspaces.com/media/images/falcon2520925_image_20221009234147.png to /tmp/images/falcon2520925_image_20221009234147.png","logger":"task.stdout"}
{"timestamp":"2026-02-26T04:08:41.916400Z","level":"info","event":"Downloaded image https://thespacedevs-prod.nyc3.digitaloceanspaces.com/media/images/electron_image_20190705175640.jpeg to /tmp/images/electron_image_20190705175640.jpeg","logger":"task.stdout"}
{"timestamp":"2026-02-26T04:08:44.151747Z","level":"info","event":"Downloaded image https://thespacedevs-prod.nyc3.digitaloceanspaces.com/media/images/falcon2520925_image_20221009234147.png to /tmp/images/falcon2520925_image_20221009234147.png","logger":"task.stdout"}
{"timestamp":"2026-02-26T04:08:46.145692Z","level":"info","event":"Downloaded image https://thespacedevs-prod.nyc3.digitaloceanspaces.com/media/images/firefly_alpha_l_image_20240605174156.jpeg to /tmp/images/firefly_alpha_l_image_20240605174156.jpeg","logger":"task.stdout"}
{"timestamp":"2026-02-26T04:08:48.342847Z","level":"info","event":"Downloaded image https://thespacedevs-prod.nyc3.digitaloceanspaces.com/media/images/falcon2520925_image_20221009234147.png to /tmp/images/falcon2520925_image_20221009234147.png","logger":"task.stdout"}
{"timestamp":"2026-02-26T04:08:50.559167Z","level":"info","event":"Downloaded image https://thespacedevs-prod.nyc3.digitaloceanspaces.com/media/images/falcon2520925_image_20221009234147.png to /tmp/images/falcon2520925_image_20221009234147.png","logger":"task.stdout"}
{"timestamp":"2026-02-26T04:08:52.740509Z","level":"info","event":"Downloaded image https://thespacedevs-prod.nyc3.digitaloceanspaces.com/media/images/falcon2520925_image_20221009234147.png to /tmp/images/falcon2520925_image_20221009234147.png","logger":"task.stdout"}
{"timestamp":"2026-02-26T04:08:54.938208Z","level":"info","event":"Downloaded image https://thespacedevs-prod.nyc3.digitaloceanspaces.com/media/images/falcon2520925_image_20221009234147.png to /tmp/images/falcon2520925_image_20221009234147.png","logger":"task.stdout"}
{"timestamp":"2026-02-26T04:08:57.164903Z","level":"info","event":"Downloaded image https://thespacedevs-prod.nyc3.digitaloceanspaces.com/media/images/falcon_9_image_20230807133459.jpeg to /tmp/images/falcon_9_image_20230807133459.jpeg","logger":"task.stdout"}
{"timestamp":"2026-02-26T04:08:59.308271Z","level":"info","event":"Downloaded image https://thespacedevs-prod.nyc3.digitaloceanspaces.com/media/images/falcon2520925_image_20221009234147.png to /tmp/images/falcon2520925_image_20221009234147.png","logger":"task.stdout"}
{"timestamp":"2026-02-26T04:08:59.312055Z","level":"info","event":"Done. Returned value was: None","logger":"airflow.task.operators.airflow.providers.standard.operators.python.PythonOperator","filename":"python.py","lineno":230}
{"timestamp":"2026-02-26T04:08:59.342540Z","level":"info","event":"Task instance in success state","logger":"task.stdout"}
{"timestamp":"2026-02-26T04:08:59.343184Z","level":"info","event":" Previous state of the Task instance: TaskInstanceState.RUNNING","logger":"task.stdout"}
{"timestamp":"2026-02-26T04:08:59.344022Z","level":"info","event":"Task operator:<Task(PythonOperator): get_pictures>","logger":"task.stdout"}
