{"timestamp":"2026-02-26T09:28:53.660038Z","level":"info","event":"DAG bundles loaded: dags-folder, example_dags","logger":"airflow.dag_processing.bundles.manager.DagBundlesManager","filename":"manager.py","lineno":179}
{"timestamp":"2026-02-26T09:28:53.663859Z","level":"info","event":"Filling up the DagBag from /opt/airflow/dags/backfilling.py","logger":"airflow.models.dagbag.BundleDagBag","filename":"dagbag.py","lineno":593}
{"timestamp":"2026-02-26T09:28:53.724139Z","level":"warning","event":"The `airflow.operators.python.PythonOperator` attribute is deprecated. Please use `'airflow.providers.standard.operators.python.PythonOperator'`.","category":"DeprecatedImportWarning","filename":"/opt/airflow/dags/backfilling.py","lineno":6,"logger":"py.warnings"}
{"timestamp":"2026-02-26T09:28:53.724369Z","level":"warning","event":"The `airflow.operators.bash.BashOperator` attribute is deprecated. Please use `'airflow.providers.standard.operators.bash.BashOperator'`.","category":"DeprecatedImportWarning","filename":"/opt/airflow/dags/backfilling.py","lineno":7,"logger":"py.warnings"}
{"timestamp":"2026-02-26T09:28:53.855005Z","level":"info","event":"Task instance is in running state","logger":"task.stdout"}
{"timestamp":"2026-02-26T09:28:53.855645Z","level":"info","event":" Previous state of the Task instance: TaskInstanceState.QUEUED","logger":"task.stdout"}
{"timestamp":"2026-02-26T09:28:53.856393Z","level":"info","event":"Current task name:fetch_events","logger":"task.stdout"}
{"timestamp":"2026-02-26T09:28:53.856954Z","level":"info","event":"Dag name:backfilling_data_processing","logger":"task.stdout"}
{"timestamp":"2026-02-26T09:28:53.857046Z","level":"info","event":"Tmp dir root location: /tmp","logger":"airflow.task.hooks.airflow.providers.standard.hooks.subprocess.SubprocessHook","filename":"subprocess.py","lineno":78}
{"timestamp":"2026-02-26T09:28:53.861636Z","level":"info","event":"Running command: ['/usr/bin/bash', '-c', \"echo 'START=2026-02-26 00:00:00+00:00 END=2026-02-26 00:00:00+00:00' && curl -o /tmp/data/events_2026-02-26.json http://events_api:5000/events?start_date=2026-02-01&end_date=2026-02-26\"]","logger":"airflow.task.hooks.airflow.providers.standard.hooks.subprocess.SubprocessHook","filename":"subprocess.py","lineno":80}
{"timestamp":"2026-02-26T09:28:53.865130Z","level":"info","event":"Output:","logger":"airflow.task.hooks.airflow.providers.standard.hooks.subprocess.SubprocessHook","filename":"subprocess.py","lineno":92}
{"timestamp":"2026-02-26T09:28:53.874717Z","level":"info","event":"START=2026-02-26 00:00:00+00:00 END=2026-02-26 00:00:00+00:00","logger":"airflow.task.hooks.airflow.providers.standard.hooks.subprocess.SubprocessHook","filename":"subprocess.py","lineno":99}
{"timestamp":"2026-02-26T09:28:53.900857Z","level":"info","event":"  % Total    % Received % Xferd  Average Speed   Time    Time     Time  Current","logger":"airflow.task.hooks.airflow.providers.standard.hooks.subprocess.SubprocessHook","filename":"subprocess.py","lineno":99}
{"timestamp":"2026-02-26T09:28:53.902361Z","level":"info","event":"                                 Dload  Upload   Total   Spent    Left  Speed","logger":"airflow.task.hooks.airflow.providers.standard.hooks.subprocess.SubprocessHook","filename":"subprocess.py","lineno":99}
{"timestamp":"2026-02-26T09:28:54.449214Z","level":"info","event":"\r  0     0    0     0    0     0      0      0 --:--:-- --:--:-- --:--:--     0\r  0     0    0     0    0     0      0      0 --:--:-- --:--:-- --:--:--     0\r100 1736k  100 1736k    0     0  3154k      0 --:--:-- --:--:-- --:--:-- 3157k","logger":"airflow.task.hooks.airflow.providers.standard.hooks.subprocess.SubprocessHook","filename":"subprocess.py","lineno":99}
{"timestamp":"2026-02-26T09:28:54.454570Z","level":"info","event":"Command exited with return code 0","logger":"airflow.task.hooks.airflow.providers.standard.hooks.subprocess.SubprocessHook","filename":"subprocess.py","lineno":103}
{"timestamp":"2026-02-26T09:28:54.462010Z","level":"info","event":"Pushing xcom","ti":"RuntimeTaskInstance(id=UUID('019c9947-9a2e-79a8-83c6-ae58efb6d31a'), task_id='fetch_events', dag_id='backfilling_data_processing', run_id='scheduled__2026-02-26T00:00:00+00:00', try_number=1, dag_version_id=UUID('019c9947-40bc-7b95-b3e6-8a5c0e7756e6'), map_index=-1, hostname='da55904d49b0', context_carrier={}, task=<Task(BashOperator): fetch_events>, bundle_instance=LocalDagBundle(name=dags-folder), max_tries=0, start_date=datetime.datetime(2026, 2, 26, 9, 28, 52, 790183, tzinfo=datetime.timezone.utc), end_date=None, state=<TaskInstanceState.RUNNING: 'running'>, is_mapped=False, rendered_map_index=None)","logger":"task","filename":"task_runner.py","lineno":1522}
{"timestamp":"2026-02-26T09:28:54.545007Z","level":"info","event":"Task instance in success state","logger":"task.stdout"}
{"timestamp":"2026-02-26T09:28:54.546402Z","level":"info","event":" Previous state of the Task instance: TaskInstanceState.RUNNING","logger":"task.stdout"}
{"timestamp":"2026-02-26T09:28:54.547786Z","level":"info","event":"Task operator:<Task(BashOperator): fetch_events>","logger":"task.stdout"}
