{"timestamp":"2026-02-25T07:43:35.506175Z","level":"info","event":"DAG bundles loaded: dags-folder, example_dags","logger":"airflow.dag_processing.bundles.manager.DagBundlesManager","filename":"manager.py","lineno":179}
{"timestamp":"2026-02-25T07:43:35.509015Z","level":"info","event":"Filling up the DagBag from /opt/airflow/dags/download_rocket_launcher.py","logger":"airflow.models.dagbag.BundleDagBag","filename":"dagbag.py","lineno":593}
{"timestamp":"2026-02-25T07:43:35.544020Z","level":"warning","event":"The `airflow.operators.bash.BashOperator` attribute is deprecated. Please use `'airflow.providers.standard.operators.bash.BashOperator'`.","category":"DeprecatedImportWarning","filename":"/opt/airflow/dags/download_rocket_launcher.py","lineno":8,"logger":"py.warnings"}
{"timestamp":"2026-02-25T07:43:35.544333Z","level":"warning","event":"The `airflow.operators.python.PythonOperator` attribute is deprecated. Please use `'airflow.providers.standard.operators.python.PythonOperator'`.","category":"DeprecatedImportWarning","filename":"/opt/airflow/dags/download_rocket_launcher.py","lineno":9,"logger":"py.warnings"}
{"timestamp":"2026-02-25T07:43:35.600182Z","level":"info","event":"Task instance is in running state","logger":"task.stdout"}
{"timestamp":"2026-02-25T07:43:35.601141Z","level":"info","event":" Previous state of the Task instance: TaskInstanceState.QUEUED","logger":"task.stdout"}
{"timestamp":"2026-02-25T07:43:35.601824Z","level":"info","event":"Current task name:get_pictures","logger":"task.stdout"}
{"timestamp":"2026-02-25T07:43:35.603025Z","level":"info","event":"Dag name:download_rocket_launcher","logger":"task.stdout"}
{"timestamp":"2026-02-25T07:43:38.601032Z","level":"info","event":"Downloaded image https://thespacedevs-prod.nyc3.digitaloceanspaces.com/media/images/falcon2520925_image_20221009234147.png to /tmp/images/falcon2520925_image_20221009234147.png","logger":"task.stdout"}
{"timestamp":"2026-02-25T07:43:40.772507Z","level":"info","event":"Downloaded image https://thespacedevs-prod.nyc3.digitaloceanspaces.com/media/images/falcon2520925_image_20221009234147.png to /tmp/images/falcon2520925_image_20221009234147.png","logger":"task.stdout"}
{"timestamp":"2026-02-25T07:43:43.004356Z","level":"info","event":"Downloaded image https://thespacedevs-prod.nyc3.digitaloceanspaces.com/media/images/electron_image_20190705175640.jpeg to /tmp/images/electron_image_20190705175640.jpeg","logger":"task.stdout"}
{"timestamp":"2026-02-25T07:43:45.270335Z","level":"info","event":"Downloaded image https://thespacedevs-prod.nyc3.digitaloceanspaces.com/media/images/falcon2520925_image_20221009234147.png to /tmp/images/falcon2520925_image_20221009234147.png","logger":"task.stdout"}
{"timestamp":"2026-02-25T07:43:47.176920Z","level":"info","event":"Downloaded image https://thespacedevs-prod.nyc3.digitaloceanspaces.com/media/images/cz-7a_launch_2_image_20251206093324.jpeg to /tmp/images/cz-7a_launch_2_image_20251206093324.jpeg","logger":"task.stdout"}
{"timestamp":"2026-02-25T07:43:49.054002Z","level":"info","event":"Downloaded image https://thespacedevs-prod.nyc3.digitaloceanspaces.com/media/images/firefly_alpha_l_image_20240605174156.jpeg to /tmp/images/firefly_alpha_l_image_20240605174156.jpeg","logger":"task.stdout"}
{"timestamp":"2026-02-25T07:43:51.274978Z","level":"info","event":"Downloaded image https://thespacedevs-prod.nyc3.digitaloceanspaces.com/media/images/falcon2520925_image_20221009234147.png to /tmp/images/falcon2520925_image_20221009234147.png","logger":"task.stdout"}
{"timestamp":"2026-02-25T07:43:53.551043Z","level":"info","event":"Downloaded image https://thespacedevs-prod.nyc3.digitaloceanspaces.com/media/images/falcon2520925_image_20221009234147.png to /tmp/images/falcon2520925_image_20221009234147.png","logger":"task.stdout"}
{"timestamp":"2026-02-25T07:43:55.757494Z","level":"info","event":"Downloaded image https://thespacedevs-prod.nyc3.digitaloceanspaces.com/media/images/falcon2520925_image_20221009234147.png to /tmp/images/falcon2520925_image_20221009234147.png","logger":"task.stdout"}
{"timestamp":"2026-02-25T07:43:57.950843Z","level":"info","event":"Downloaded image https://thespacedevs-prod.nyc3.digitaloceanspaces.com/media/images/falcon2520925_image_20221009234147.png to /tmp/images/falcon2520925_image_20221009234147.png","logger":"task.stdout"}
{"timestamp":"2026-02-25T07:43:57.953612Z","level":"info","event":"Done. Returned value was: None","logger":"airflow.task.operators.airflow.providers.standard.operators.python.PythonOperator","filename":"python.py","lineno":230}
{"timestamp":"2026-02-25T07:43:57.984780Z","level":"info","event":"Task instance in success state","logger":"task.stdout"}
{"timestamp":"2026-02-25T07:43:57.985679Z","level":"info","event":" Previous state of the Task instance: TaskInstanceState.RUNNING","logger":"task.stdout"}
{"timestamp":"2026-02-25T07:43:57.986390Z","level":"info","event":"Task operator:<Task(PythonOperator): get_pictures>","logger":"task.stdout"}
