{"timestamp":"2026-02-25T09:52:00.713134Z","level":"info","event":"DAG bundles loaded: dags-folder, example_dags","logger":"airflow.dag_processing.bundles.manager.DagBundlesManager","filename":"manager.py","lineno":179}
{"timestamp":"2026-02-25T09:52:00.726727Z","level":"info","event":"Filling up the DagBag from /opt/airflow/dags/download_rocket_launcher.py","logger":"airflow.models.dagbag.BundleDagBag","filename":"dagbag.py","lineno":593}
{"timestamp":"2026-02-25T09:52:00.774082Z","level":"warning","event":"The `airflow.operators.bash.BashOperator` attribute is deprecated. Please use `'airflow.providers.standard.operators.bash.BashOperator'`.","category":"DeprecatedImportWarning","filename":"/opt/airflow/dags/download_rocket_launcher.py","lineno":8,"logger":"py.warnings"}
{"timestamp":"2026-02-25T09:52:00.774466Z","level":"warning","event":"The `airflow.operators.python.PythonOperator` attribute is deprecated. Please use `'airflow.providers.standard.operators.python.PythonOperator'`.","category":"DeprecatedImportWarning","filename":"/opt/airflow/dags/download_rocket_launcher.py","lineno":9,"logger":"py.warnings"}
{"timestamp":"2026-02-25T09:52:00.839597Z","level":"info","event":"Task instance is in running state","logger":"task.stdout"}
{"timestamp":"2026-02-25T09:52:00.840351Z","level":"info","event":" Previous state of the Task instance: TaskInstanceState.QUEUED","logger":"task.stdout"}
{"timestamp":"2026-02-25T09:52:00.841005Z","level":"info","event":"Current task name:download_launches","logger":"task.stdout"}
{"timestamp":"2026-02-25T09:52:00.841517Z","level":"info","event":"Dag name:download_rocket_launcher","logger":"task.stdout"}
{"timestamp":"2026-02-25T09:52:00.844060Z","level":"info","event":"Tmp dir root location: /tmp","logger":"airflow.task.hooks.airflow.providers.standard.hooks.subprocess.SubprocessHook","filename":"subprocess.py","lineno":78}
{"timestamp":"2026-02-25T09:52:00.851394Z","level":"info","event":"Running command: ['/usr/bin/bash', '-c', \"curl -o /tmp/launches.json -L 'https://ll.thespacedevs.com/2.0.0/launch/upcoming' \"]","logger":"airflow.task.hooks.airflow.providers.standard.hooks.subprocess.SubprocessHook","filename":"subprocess.py","lineno":80}
{"timestamp":"2026-02-25T09:52:00.854895Z","level":"info","event":"Output:","logger":"airflow.task.hooks.airflow.providers.standard.hooks.subprocess.SubprocessHook","filename":"subprocess.py","lineno":92}
{"timestamp":"2026-02-25T09:52:00.895212Z","level":"info","event":"  % Total    % Received % Xferd  Average Speed   Time    Time     Time  Current","logger":"airflow.task.hooks.airflow.providers.standard.hooks.subprocess.SubprocessHook","filename":"subprocess.py","lineno":99}
{"timestamp":"2026-02-25T09:52:00.895523Z","level":"info","event":"                                 Dload  Upload   Total   Spent    Left  Speed","logger":"airflow.task.hooks.airflow.providers.standard.hooks.subprocess.SubprocessHook","filename":"subprocess.py","lineno":99}
{"timestamp":"2026-02-25T09:52:01.674796Z","level":"info","event":"\r  0     0    0     0    0     0      0      0 --:--:-- --:--:-- --:--:--     0\r  0     0    0     0    0     0      0      0 --:--:-- --:--:-- --:--:--     0\r  0     0    0     0    0     0      0      0 --:--:-- --:--:-- --:--:--     0","logger":"airflow.task.hooks.airflow.providers.standard.hooks.subprocess.SubprocessHook","filename":"subprocess.py","lineno":99}
{"timestamp":"2026-02-25T09:52:02.083931Z","level":"info","event":"\r100    71  100    71    0     0     59      0  0:00:01  0:00:01 --:--:--    59","logger":"airflow.task.hooks.airflow.providers.standard.hooks.subprocess.SubprocessHook","filename":"subprocess.py","lineno":99}
{"timestamp":"2026-02-25T09:52:02.093731Z","level":"info","event":"Command exited with return code 0","logger":"airflow.task.hooks.airflow.providers.standard.hooks.subprocess.SubprocessHook","filename":"subprocess.py","lineno":103}
{"timestamp":"2026-02-25T09:52:02.106686Z","level":"info","event":"Pushing xcom","ti":"RuntimeTaskInstance(id=UUID('019c9436-63f8-7f52-b867-a5ab16ed2db4'), task_id='download_launches', dag_id='download_rocket_launcher', run_id='manual__2026-02-25T09:51:58.425702+00:00', try_number=1, dag_version_id=UUID('019c942b-7bbc-7ac4-9651-31faa9849d00'), map_index=-1, hostname='e0e63816907f', context_carrier={}, task=<Task(BashOperator): download_launches>, bundle_instance=LocalDagBundle(name=dags-folder), max_tries=0, start_date=datetime.datetime(2026, 2, 25, 9, 51, 59, 40423, tzinfo=datetime.timezone.utc), end_date=None, state=<TaskInstanceState.RUNNING: 'running'>, is_mapped=False, rendered_map_index=None)","logger":"task","filename":"task_runner.py","lineno":1522}
{"timestamp":"2026-02-25T09:52:02.184779Z","level":"info","event":"Task instance in success state","logger":"task.stdout"}
{"timestamp":"2026-02-25T09:52:02.187119Z","level":"info","event":" Previous state of the Task instance: TaskInstanceState.RUNNING","logger":"task.stdout"}
{"timestamp":"2026-02-25T09:52:02.189902Z","level":"info","event":"Task operator:<Task(BashOperator): download_launches>","logger":"task.stdout"}
