{"timestamp":"2026-02-25T19:25:09.433877Z","level":"info","event":"DAG bundles loaded: dags-folder, example_dags","logger":"airflow.dag_processing.bundles.manager.DagBundlesManager","filename":"manager.py","lineno":179}
{"timestamp":"2026-02-25T19:25:09.439973Z","level":"info","event":"Filling up the DagBag from /opt/airflow/dags/download_rocket_launcher.py","logger":"airflow.models.dagbag.BundleDagBag","filename":"dagbag.py","lineno":593}
{"timestamp":"2026-02-25T19:25:09.484859Z","level":"warning","event":"The `airflow.operators.bash.BashOperator` attribute is deprecated. Please use `'airflow.providers.standard.operators.bash.BashOperator'`.","category":"DeprecatedImportWarning","filename":"/opt/airflow/dags/download_rocket_launcher.py","lineno":7,"logger":"py.warnings"}
{"timestamp":"2026-02-25T19:25:09.485053Z","level":"warning","event":"The `airflow.operators.python.PythonOperator` attribute is deprecated. Please use `'airflow.providers.standard.operators.python.PythonOperator'`.","category":"DeprecatedImportWarning","filename":"/opt/airflow/dags/download_rocket_launcher.py","lineno":8,"logger":"py.warnings"}
{"timestamp":"2026-02-25T19:25:09.525184Z","level":"info","event":"Task instance is in running state","logger":"task.stdout"}
{"timestamp":"2026-02-25T19:25:09.525907Z","level":"info","event":" Previous state of the Task instance: TaskInstanceState.QUEUED","logger":"task.stdout"}
{"timestamp":"2026-02-25T19:25:09.526435Z","level":"info","event":"Current task name:download_launches","logger":"task.stdout"}
{"timestamp":"2026-02-25T19:25:09.527718Z","level":"info","event":"Dag name:download_rocket_launches","logger":"task.stdout"}
{"timestamp":"2026-02-25T19:25:09.526317Z","level":"info","event":"Tmp dir root location: /tmp","logger":"airflow.task.hooks.airflow.providers.standard.hooks.subprocess.SubprocessHook","filename":"subprocess.py","lineno":78}
{"timestamp":"2026-02-25T19:25:09.527826Z","level":"info","event":"Running command: ['/usr/bin/bash', '-c', 'curl -o /tmp/launches.json -L https://ll.thespacedevs.com/2.0.0/launch/upcoming']","logger":"airflow.task.hooks.airflow.providers.standard.hooks.subprocess.SubprocessHook","filename":"subprocess.py","lineno":80}
{"timestamp":"2026-02-25T19:25:09.528629Z","level":"info","event":"Output:","logger":"airflow.task.hooks.airflow.providers.standard.hooks.subprocess.SubprocessHook","filename":"subprocess.py","lineno":92}
{"timestamp":"2026-02-25T19:25:09.535822Z","level":"info","event":"  % Total    % Received % Xferd  Average Speed   Time    Time     Time  Current","logger":"airflow.task.hooks.airflow.providers.standard.hooks.subprocess.SubprocessHook","filename":"subprocess.py","lineno":99}
{"timestamp":"2026-02-25T19:25:09.535978Z","level":"info","event":"                                 Dload  Upload   Total   Spent    Left  Speed","logger":"airflow.task.hooks.airflow.providers.standard.hooks.subprocess.SubprocessHook","filename":"subprocess.py","lineno":99}
{"timestamp":"2026-02-25T19:25:10.688945Z","level":"info","event":"\r  0     0    0     0    0     0      0      0 --:--:-- --:--:-- --:--:--     0\r  0     0    0     0    0     0      0      0 --:--:-- --:--:-- --:--:--     0\r  0     0    0     0    0     0      0      0 --:--:--  0:00:01 --:--:--     0","logger":"airflow.task.hooks.airflow.providers.standard.hooks.subprocess.SubprocessHook","filename":"subprocess.py","lineno":99}
{"timestamp":"2026-02-25T19:25:11.673204Z","level":"info","event":"\r  0 25452    0     0    0     0      0      0 --:--:--  0:00:02 --:--:--     0\r100 25452  100 25452    0     0  11906      0  0:00:02  0:00:02 --:--:--  552k","logger":"airflow.task.hooks.airflow.providers.standard.hooks.subprocess.SubprocessHook","filename":"subprocess.py","lineno":99}
{"timestamp":"2026-02-25T19:25:11.675470Z","level":"info","event":"Command exited with return code 0","logger":"airflow.task.hooks.airflow.providers.standard.hooks.subprocess.SubprocessHook","filename":"subprocess.py","lineno":103}
{"timestamp":"2026-02-25T19:25:11.676474Z","level":"info","event":"Pushing xcom","ti":"RuntimeTaskInstance(id=UUID('019c9643-13b6-74b3-a0d3-01a02c277b97'), task_id='download_launches', dag_id='download_rocket_launches', run_id='manual__2026-02-25T19:25:04.279633+00:00', try_number=1, dag_version_id=UUID('019c962a-af4e-762a-b52b-00eafc03cb36'), map_index=-1, hostname='7d3db4cb17fa', context_carrier={}, task=<Task(BashOperator): download_launches>, bundle_instance=LocalDagBundle(name=dags-folder), max_tries=0, start_date=datetime.datetime(2026, 2, 25, 19, 25, 6, 48826, tzinfo=datetime.timezone.utc), end_date=None, state=<TaskInstanceState.RUNNING: 'running'>, is_mapped=False, rendered_map_index=None)","logger":"task","filename":"task_runner.py","lineno":1522}
{"timestamp":"2026-02-25T19:25:11.713915Z","level":"info","event":"Task instance in success state","logger":"task.stdout"}
{"timestamp":"2026-02-25T19:25:11.714449Z","level":"info","event":" Previous state of the Task instance: TaskInstanceState.RUNNING","logger":"task.stdout"}
{"timestamp":"2026-02-25T19:25:11.714983Z","level":"info","event":"Task operator:<Task(BashOperator): download_launches>","logger":"task.stdout"}
