{"timestamp":"2026-02-27T05:20:40.695806Z","level":"info","event":"DAG bundles loaded: dags-folder, example_dags","logger":"airflow.dag_processing.bundles.manager.DagBundlesManager","filename":"manager.py","lineno":179}
{"timestamp":"2026-02-27T05:20:40.697827Z","level":"info","event":"Filling up the DagBag from /opt/airflow/dags/incremental_data_processing.py","logger":"airflow.models.dagbag.BundleDagBag","filename":"dagbag.py","lineno":593}
{"timestamp":"2026-02-27T05:20:40.711411Z","level":"warning","event":"The `airflow.operators.python.PythonOperator` attribute is deprecated. Please use `'airflow.providers.standard.operators.python.PythonOperator'`.","category":"DeprecatedImportWarning","filename":"/opt/airflow/dags/incremental_data_processing.py","lineno":6,"logger":"py.warnings"}
{"timestamp":"2026-02-27T05:20:40.711539Z","level":"warning","event":"The `airflow.operators.bash.BashOperator` attribute is deprecated. Please use `'airflow.providers.standard.operators.bash.BashOperator'`.","category":"DeprecatedImportWarning","filename":"/opt/airflow/dags/incremental_data_processing.py","lineno":7,"logger":"py.warnings"}
{"timestamp":"2026-02-27T05:20:40.726755Z","level":"info","event":"Task instance is in running state","logger":"task.stdout"}
{"timestamp":"2026-02-27T05:20:40.727260Z","level":"info","event":" Previous state of the Task instance: TaskInstanceState.QUEUED","logger":"task.stdout"}
{"timestamp":"2026-02-27T05:20:40.727682Z","level":"info","event":"Current task name:fetch_events","logger":"task.stdout"}
{"timestamp":"2026-02-27T05:20:40.728047Z","level":"info","event":"Dag name:incremental_data_processing","logger":"task.stdout"}
{"timestamp":"2026-02-27T05:20:40.727536Z","level":"info","event":"Tmp dir root location: /tmp","logger":"airflow.task.hooks.airflow.providers.standard.hooks.subprocess.SubprocessHook","filename":"subprocess.py","lineno":78}
{"timestamp":"2026-02-27T05:20:40.728562Z","level":"info","event":"Running command: ['/usr/bin/bash', '-c', \"echo 'START=2026-02-27 05:20:37+00:00 END=2026-02-27 05:20:37+00:00' && curl -o /tmp/data/events_2026-02-27.json http://events_api:5000/events?start_date=2026-02-24&end_date=2026-02-26\"]","logger":"airflow.task.hooks.airflow.providers.standard.hooks.subprocess.SubprocessHook","filename":"subprocess.py","lineno":80}
{"timestamp":"2026-02-27T05:20:40.729112Z","level":"info","event":"Output:","logger":"airflow.task.hooks.airflow.providers.standard.hooks.subprocess.SubprocessHook","filename":"subprocess.py","lineno":92}
{"timestamp":"2026-02-27T05:20:40.730489Z","level":"info","event":"START=2026-02-27 05:20:37+00:00 END=2026-02-27 05:20:37+00:00","logger":"airflow.task.hooks.airflow.providers.standard.hooks.subprocess.SubprocessHook","filename":"subprocess.py","lineno":99}
{"timestamp":"2026-02-27T05:20:40.736054Z","level":"info","event":"  % Total    % Received % Xferd  Average Speed   Time    Time     Time  Current","logger":"airflow.task.hooks.airflow.providers.standard.hooks.subprocess.SubprocessHook","filename":"subprocess.py","lineno":99}
{"timestamp":"2026-02-27T05:20:40.736182Z","level":"info","event":"                                 Dload  Upload   Total   Spent    Left  Speed","logger":"airflow.task.hooks.airflow.providers.standard.hooks.subprocess.SubprocessHook","filename":"subprocess.py","lineno":99}
{"timestamp":"2026-02-27T05:20:44.740412Z","level":"info","event":"\r  0     0    0     0    0     0      0      0 --:--:-- --:--:-- --:--:--     0\r  0     0    0     0    0     0      0      0 --:--:-- --:--:-- --:--:--     0\r  0     0    0     0    0     0      0      0 --:--:--  0:00:01 --:--:--     0\r  0     0    0     0    0     0      0      0 --:--:--  0:00:02 --:--:--     0\r  0     0    0     0    0     0      0      0 --:--:--  0:00:03 --:--:--     0curl: (6) Could not resolve host: events_api","logger":"airflow.task.hooks.airflow.providers.standard.hooks.subprocess.SubprocessHook","filename":"subprocess.py","lineno":99}
{"timestamp":"2026-02-27T05:20:44.741801Z","level":"info","event":"Command exited with return code 0","logger":"airflow.task.hooks.airflow.providers.standard.hooks.subprocess.SubprocessHook","filename":"subprocess.py","lineno":103}
{"timestamp":"2026-02-27T05:20:44.742302Z","level":"info","event":"Pushing xcom","ti":"RuntimeTaskInstance(id=UUID('019c9d8a-b7ce-795c-98ad-247133bad319'), task_id='fetch_events', dag_id='incremental_data_processing', run_id='manual__2026-02-27T05:20:39.875933+00:00', try_number=1, dag_version_id=UUID('019c9d76-e46d-799a-b794-34b947550c5f'), map_index=-1, hostname='7d3db4cb17fa', context_carrier={}, task=<Task(BashOperator): fetch_events>, bundle_instance=LocalDagBundle(name=dags-folder), max_tries=0, start_date=datetime.datetime(2026, 2, 27, 5, 20, 40, 427687, tzinfo=datetime.timezone.utc), end_date=None, state=<TaskInstanceState.RUNNING: 'running'>, is_mapped=False, rendered_map_index=None)","logger":"task","filename":"task_runner.py","lineno":1522}
{"timestamp":"2026-02-27T05:20:44.762791Z","level":"info","event":"Task instance in success state","logger":"task.stdout"}
{"timestamp":"2026-02-27T05:20:44.767935Z","level":"info","event":" Previous state of the Task instance: TaskInstanceState.RUNNING","logger":"task.stdout"}
{"timestamp":"2026-02-27T05:20:44.768571Z","level":"info","event":"Task operator:<Task(BashOperator): fetch_events>","logger":"task.stdout"}
