{"timestamp":"2026-02-27T04:27:17.492833Z","level":"info","event":"DAG bundles loaded: dags-folder, example_dags","logger":"airflow.dag_processing.bundles.manager.DagBundlesManager","filename":"manager.py","lineno":179}
{"timestamp":"2026-02-27T04:27:17.494703Z","level":"info","event":"Filling up the DagBag from /opt/airflow/dags/download_rocket_launcher.py","logger":"airflow.models.dagbag.BundleDagBag","filename":"dagbag.py","lineno":593}
{"timestamp":"2026-02-27T04:27:17.506242Z","level":"warning","event":"The `airflow.operators.bash.BashOperator` attribute is deprecated. Please use `'airflow.providers.standard.operators.bash.BashOperator'`.","category":"DeprecatedImportWarning","filename":"/opt/airflow/dags/download_rocket_launcher.py","lineno":7,"logger":"py.warnings"}
{"timestamp":"2026-02-27T04:27:17.506332Z","level":"warning","event":"The `airflow.operators.python.PythonOperator` attribute is deprecated. Please use `'airflow.providers.standard.operators.python.PythonOperator'`.","category":"DeprecatedImportWarning","filename":"/opt/airflow/dags/download_rocket_launcher.py","lineno":8,"logger":"py.warnings"}
{"timestamp":"2026-02-27T04:27:17.536654Z","level":"info","event":"Task instance is in running state","logger":"task.stdout"}
{"timestamp":"2026-02-27T04:27:17.537338Z","level":"info","event":" Previous state of the Task instance: TaskInstanceState.QUEUED","logger":"task.stdout"}
{"timestamp":"2026-02-27T04:27:17.537871Z","level":"info","event":"Current task name:download_launches","logger":"task.stdout"}
{"timestamp":"2026-02-27T04:27:17.538206Z","level":"info","event":"Dag name:download_rocket_launches","logger":"task.stdout"}
{"timestamp":"2026-02-27T04:27:17.537504Z","level":"info","event":"Tmp dir root location: /tmp","logger":"airflow.task.hooks.airflow.providers.standard.hooks.subprocess.SubprocessHook","filename":"subprocess.py","lineno":78}
{"timestamp":"2026-02-27T04:27:17.538358Z","level":"info","event":"Running command: ['/usr/bin/bash', '-c', 'curl -o /tmp/launches.json -L https://ll.thespacedevs.com/2.0.0/launch/upcoming']","logger":"airflow.task.hooks.airflow.providers.standard.hooks.subprocess.SubprocessHook","filename":"subprocess.py","lineno":80}
{"timestamp":"2026-02-27T04:27:17.539078Z","level":"info","event":"Output:","logger":"airflow.task.hooks.airflow.providers.standard.hooks.subprocess.SubprocessHook","filename":"subprocess.py","lineno":92}
{"timestamp":"2026-02-27T04:27:17.547015Z","level":"info","event":"  % Total    % Received % Xferd  Average Speed   Time    Time     Time  Current","logger":"airflow.task.hooks.airflow.providers.standard.hooks.subprocess.SubprocessHook","filename":"subprocess.py","lineno":99}
{"timestamp":"2026-02-27T04:27:17.547194Z","level":"info","event":"                                 Dload  Upload   Total   Spent    Left  Speed","logger":"airflow.task.hooks.airflow.providers.standard.hooks.subprocess.SubprocessHook","filename":"subprocess.py","lineno":99}
{"timestamp":"2026-02-27T04:27:18.156530Z","level":"info","event":"\r  0     0    0     0    0     0      0      0 --:--:-- --:--:-- --:--:--     0\r  0     0    0     0    0     0      0      0 --:--:-- --:--:-- --:--:--     0","logger":"airflow.task.hooks.airflow.providers.standard.hooks.subprocess.SubprocessHook","filename":"subprocess.py","lineno":99}
{"timestamp":"2026-02-27T04:27:18.973743Z","level":"info","event":"\r  0 25026    0     0    0     0      0      0 --:--:--  0:00:01 --:--:--     0\r100 25026  100 25026    0     0  17536      0  0:00:01  0:00:01 --:--:--  596k","logger":"airflow.task.hooks.airflow.providers.standard.hooks.subprocess.SubprocessHook","filename":"subprocess.py","lineno":99}
{"timestamp":"2026-02-27T04:27:18.975190Z","level":"info","event":"Command exited with return code 0","logger":"airflow.task.hooks.airflow.providers.standard.hooks.subprocess.SubprocessHook","filename":"subprocess.py","lineno":103}
{"timestamp":"2026-02-27T04:27:18.975738Z","level":"info","event":"Pushing xcom","ti":"RuntimeTaskInstance(id=UUID('019c9d59-cede-70f7-8a3f-5611694f894c'), task_id='download_launches', dag_id='download_rocket_launches', run_id='manual__2026-02-27T04:27:14.499543+00:00', try_number=1, dag_version_id=UUID('019c9643-d472-797f-8ae4-75b03c5d4e4f'), map_index=-1, hostname='7d3db4cb17fa', context_carrier={}, task=<Task(BashOperator): download_launches>, bundle_instance=LocalDagBundle(name=dags-folder), max_tries=0, start_date=datetime.datetime(2026, 2, 27, 4, 27, 15, 410550, tzinfo=datetime.timezone.utc), end_date=None, state=<TaskInstanceState.RUNNING: 'running'>, is_mapped=False, rendered_map_index=None)","logger":"task","filename":"task_runner.py","lineno":1522}
{"timestamp":"2026-02-27T04:27:19.005130Z","level":"info","event":"Task instance in success state","logger":"task.stdout"}
{"timestamp":"2026-02-27T04:27:19.005762Z","level":"info","event":" Previous state of the Task instance: TaskInstanceState.RUNNING","logger":"task.stdout"}
{"timestamp":"2026-02-27T04:27:19.006176Z","level":"info","event":"Task operator:<Task(BashOperator): download_launches>","logger":"task.stdout"}
