{"timestamp":"2026-02-26T07:27:33.853586Z","level":"info","event":"DAG bundles loaded: dags-folder, example_dags","logger":"airflow.dag_processing.bundles.manager.DagBundlesManager","filename":"manager.py","lineno":179}
{"timestamp":"2026-02-26T07:27:33.857424Z","level":"info","event":"Filling up the DagBag from /opt/airflow/dags/incremental_data_processing.py","logger":"airflow.models.dagbag.BundleDagBag","filename":"dagbag.py","lineno":593}
{"timestamp":"2026-02-26T07:27:33.892344Z","level":"warning","event":"The `airflow.operators.python.PythonOperator` attribute is deprecated. Please use `'airflow.providers.standard.operators.python.PythonOperator'`.","category":"DeprecatedImportWarning","filename":"/opt/airflow/dags/incremental_data_processing.py","lineno":6,"logger":"py.warnings"}
{"timestamp":"2026-02-26T07:27:33.892580Z","level":"warning","event":"The `airflow.operators.bash.BashOperator` attribute is deprecated. Please use `'airflow.providers.standard.operators.bash.BashOperator'`.","category":"DeprecatedImportWarning","filename":"/opt/airflow/dags/incremental_data_processing.py","lineno":7,"logger":"py.warnings"}
{"timestamp":"2026-02-26T07:27:33.954536Z","level":"info","event":"Task instance is in running state","logger":"task.stdout"}
{"timestamp":"2026-02-26T07:27:33.955235Z","level":"info","event":" Previous state of the Task instance: TaskInstanceState.QUEUED","logger":"task.stdout"}
{"timestamp":"2026-02-26T07:27:33.955787Z","level":"info","event":"Current task name:fetch_events","logger":"task.stdout"}
{"timestamp":"2026-02-26T07:27:33.956289Z","level":"info","event":"Dag name:incremental_data_processing","logger":"task.stdout"}
{"timestamp":"2026-02-26T07:27:33.956391Z","level":"info","event":"Tmp dir root location: /tmp","logger":"airflow.task.hooks.airflow.providers.standard.hooks.subprocess.SubprocessHook","filename":"subprocess.py","lineno":78}
{"timestamp":"2026-02-26T07:27:33.961003Z","level":"info","event":"Running command: ['/usr/bin/bash', '-c', \"echo 'START=2026-02-26 00:00:00+00:00 END=2026-02-26 00:00:00+00:00' && curl -o /tmp/data/events_2026-02-26.json http://events_api:5000/events?start_date=2026-02-24&end_date=2026-02-26\"]","logger":"airflow.task.hooks.airflow.providers.standard.hooks.subprocess.SubprocessHook","filename":"subprocess.py","lineno":80}
{"timestamp":"2026-02-26T07:27:33.964072Z","level":"info","event":"Output:","logger":"airflow.task.hooks.airflow.providers.standard.hooks.subprocess.SubprocessHook","filename":"subprocess.py","lineno":92}
{"timestamp":"2026-02-26T07:27:33.972312Z","level":"info","event":"START=2026-02-26 00:00:00+00:00 END=2026-02-26 00:00:00+00:00","logger":"airflow.task.hooks.airflow.providers.standard.hooks.subprocess.SubprocessHook","filename":"subprocess.py","lineno":99}
{"timestamp":"2026-02-26T07:27:33.990465Z","level":"info","event":"  % Total    % Received % Xferd  Average Speed   Time    Time     Time  Current","logger":"airflow.task.hooks.airflow.providers.standard.hooks.subprocess.SubprocessHook","filename":"subprocess.py","lineno":99}
{"timestamp":"2026-02-26T07:27:33.990737Z","level":"info","event":"                                 Dload  Upload   Total   Spent    Left  Speed","logger":"airflow.task.hooks.airflow.providers.standard.hooks.subprocess.SubprocessHook","filename":"subprocess.py","lineno":99}
{"timestamp":"2026-02-26T07:27:34.080403Z","level":"info","event":"\r  0     0    0     0    0     0      0      0 --:--:-- --:--:-- --:--:--     0\r  0     0    0     0    0     0      0      0 --:--:-- --:--:-- --:--:--     0\r100  156k  100  156k    0     0  1699k      0 --:--:-- --:--:-- --:--:-- 1734k","logger":"airflow.task.hooks.airflow.providers.standard.hooks.subprocess.SubprocessHook","filename":"subprocess.py","lineno":99}
{"timestamp":"2026-02-26T07:27:34.086785Z","level":"info","event":"Command exited with return code 0","logger":"airflow.task.hooks.airflow.providers.standard.hooks.subprocess.SubprocessHook","filename":"subprocess.py","lineno":103}
{"timestamp":"2026-02-26T07:27:34.099533Z","level":"info","event":"Pushing xcom","ti":"RuntimeTaskInstance(id=UUID('019c98d8-84dd-7164-860f-2b09f37eb91c'), task_id='fetch_events', dag_id='incremental_data_processing', run_id='scheduled__2026-02-26T00:00:00+00:00', try_number=1, dag_version_id=UUID('019c98d8-464c-7ee4-a1ab-46aca2fda776'), map_index=-1, hostname='da55904d49b0', context_carrier={}, task=<Task(BashOperator): fetch_events>, bundle_instance=LocalDagBundle(name=dags-folder), max_tries=0, start_date=datetime.datetime(2026, 2, 26, 7, 27, 32, 870679, tzinfo=datetime.timezone.utc), end_date=None, state=<TaskInstanceState.RUNNING: 'running'>, is_mapped=False, rendered_map_index=None)","logger":"task","filename":"task_runner.py","lineno":1522}
{"timestamp":"2026-02-26T07:27:34.170723Z","level":"info","event":"Task instance in success state","logger":"task.stdout"}
{"timestamp":"2026-02-26T07:27:34.172162Z","level":"info","event":" Previous state of the Task instance: TaskInstanceState.RUNNING","logger":"task.stdout"}
{"timestamp":"2026-02-26T07:27:34.172897Z","level":"info","event":"Task operator:<Task(BashOperator): fetch_events>","logger":"task.stdout"}
