{"timestamp":"2026-02-26T09:33:50.783995Z","level":"info","event":"DAG bundles loaded: dags-folder, example_dags","logger":"airflow.dag_processing.bundles.manager.DagBundlesManager","filename":"manager.py","lineno":179}
{"timestamp":"2026-02-26T09:33:50.787379Z","level":"info","event":"Filling up the DagBag from /opt/airflow/dags/backfilling.py","logger":"airflow.models.dagbag.BundleDagBag","filename":"dagbag.py","lineno":593}
{"timestamp":"2026-02-26T09:33:50.820394Z","level":"warning","event":"The `airflow.operators.python.PythonOperator` attribute is deprecated. Please use `'airflow.providers.standard.operators.python.PythonOperator'`.","category":"DeprecatedImportWarning","filename":"/opt/airflow/dags/backfilling.py","lineno":6,"logger":"py.warnings"}
{"timestamp":"2026-02-26T09:33:50.820705Z","level":"warning","event":"The `airflow.operators.bash.BashOperator` attribute is deprecated. Please use `'airflow.providers.standard.operators.bash.BashOperator'`.","category":"DeprecatedImportWarning","filename":"/opt/airflow/dags/backfilling.py","lineno":7,"logger":"py.warnings"}
{"timestamp":"2026-02-26T09:33:50.867359Z","level":"info","event":"Task instance is in running state","logger":"task.stdout"}
{"timestamp":"2026-02-26T09:33:50.867959Z","level":"info","event":" Previous state of the Task instance: TaskInstanceState.QUEUED","logger":"task.stdout"}
{"timestamp":"2026-02-26T09:33:50.868505Z","level":"info","event":"Current task name:fetch_events","logger":"task.stdout"}
{"timestamp":"2026-02-26T09:33:50.868959Z","level":"info","event":"Dag name:backfilling","logger":"task.stdout"}
{"timestamp":"2026-02-26T09:33:50.869037Z","level":"info","event":"Tmp dir root location: /tmp","logger":"airflow.task.hooks.airflow.providers.standard.hooks.subprocess.SubprocessHook","filename":"subprocess.py","lineno":78}
{"timestamp":"2026-02-26T09:33:50.873259Z","level":"info","event":"Running command: ['/usr/bin/bash', '-c', \"echo 'START=2026-02-26 00:00:00+00:00 END=2026-02-26 00:00:00+00:00' && curl -o /tmp/data/events_2026-02-26.json http://events_api:5000/events?start_date=2026-02-01&end_date=2026-02-26\"]","logger":"airflow.task.hooks.airflow.providers.standard.hooks.subprocess.SubprocessHook","filename":"subprocess.py","lineno":80}
{"timestamp":"2026-02-26T09:33:50.875501Z","level":"info","event":"Output:","logger":"airflow.task.hooks.airflow.providers.standard.hooks.subprocess.SubprocessHook","filename":"subprocess.py","lineno":92}
{"timestamp":"2026-02-26T09:33:50.881290Z","level":"info","event":"START=2026-02-26 00:00:00+00:00 END=2026-02-26 00:00:00+00:00","logger":"airflow.task.hooks.airflow.providers.standard.hooks.subprocess.SubprocessHook","filename":"subprocess.py","lineno":99}
{"timestamp":"2026-02-26T09:33:50.897349Z","level":"info","event":"  % Total    % Received % Xferd  Average Speed   Time    Time     Time  Current","logger":"airflow.task.hooks.airflow.providers.standard.hooks.subprocess.SubprocessHook","filename":"subprocess.py","lineno":99}
{"timestamp":"2026-02-26T09:33:50.897639Z","level":"info","event":"                                 Dload  Upload   Total   Spent    Left  Speed","logger":"airflow.task.hooks.airflow.providers.standard.hooks.subprocess.SubprocessHook","filename":"subprocess.py","lineno":99}
{"timestamp":"2026-02-26T09:33:51.403669Z","level":"info","event":"\r  0     0    0     0    0     0      0      0 --:--:-- --:--:-- --:--:--     0\r100 1736k  100 1736k    0     0  3428k      0 --:--:-- --:--:-- --:--:-- 3425k\r100 1736k  100 1736k    0     0  3427k      0 --:--:-- --:--:-- --:--:-- 3425k","logger":"airflow.task.hooks.airflow.providers.standard.hooks.subprocess.SubprocessHook","filename":"subprocess.py","lineno":99}
{"timestamp":"2026-02-26T09:33:51.409127Z","level":"info","event":"Command exited with return code 0","logger":"airflow.task.hooks.airflow.providers.standard.hooks.subprocess.SubprocessHook","filename":"subprocess.py","lineno":103}
{"timestamp":"2026-02-26T09:33:51.418716Z","level":"info","event":"Pushing xcom","ti":"RuntimeTaskInstance(id=UUID('019c994c-23be-7bee-83d9-a2637982ce9d'), task_id='fetch_events', dag_id='backfilling', run_id='scheduled__2026-02-26T00:00:00+00:00', try_number=1, dag_version_id=UUID('019c994b-3d2e-768d-8f81-2a25a5da7129'), map_index=-1, hostname='da55904d49b0', context_carrier={}, task=<Task(BashOperator): fetch_events>, bundle_instance=LocalDagBundle(name=dags-folder), max_tries=0, start_date=datetime.datetime(2026, 2, 26, 9, 33, 50, 57913, tzinfo=datetime.timezone.utc), end_date=None, state=<TaskInstanceState.RUNNING: 'running'>, is_mapped=False, rendered_map_index=None)","logger":"task","filename":"task_runner.py","lineno":1522}
{"timestamp":"2026-02-26T09:33:51.474912Z","level":"info","event":"Task instance in success state","logger":"task.stdout"}
{"timestamp":"2026-02-26T09:33:51.475982Z","level":"info","event":" Previous state of the Task instance: TaskInstanceState.RUNNING","logger":"task.stdout"}
{"timestamp":"2026-02-26T09:33:51.476735Z","level":"info","event":"Task operator:<Task(BashOperator): fetch_events>","logger":"task.stdout"}
{"timestamp":"2026-02-27T06:24:41.329890Z","level":"info","event":"DAG bundles loaded: dags-folder, example_dags","logger":"airflow.dag_processing.bundles.manager.DagBundlesManager","filename":"manager.py","lineno":179}
{"timestamp":"2026-02-27T06:24:41.334992Z","level":"info","event":"Filling up the DagBag from /opt/airflow/dags/backfilling.py","logger":"airflow.models.dagbag.BundleDagBag","filename":"dagbag.py","lineno":593}
{"timestamp":"2026-02-27T06:24:41.391160Z","level":"info","event":"Task instance is in running state","logger":"task.stdout"}
{"timestamp":"2026-02-27T06:24:41.391684Z","level":"info","event":" Previous state of the Task instance: TaskInstanceState.QUEUED","logger":"task.stdout"}
{"timestamp":"2026-02-27T06:24:41.392159Z","level":"info","event":"Current task name:fetch_events","logger":"task.stdout"}
{"timestamp":"2026-02-27T06:24:41.392464Z","level":"info","event":"Dag name:backfilling","logger":"task.stdout"}
{"timestamp":"2026-02-27T06:24:41.391943Z","level":"info","event":"Tmp dir root location: /tmp","logger":"airflow.task.hooks.airflow.providers.standard.hooks.subprocess.SubprocessHook","filename":"subprocess.py","lineno":78}
{"timestamp":"2026-02-27T06:24:41.395307Z","level":"info","event":"Running command: ['/usr/bin/bash', '-c', \"mkdir -p /tmp/data && echo 'Fetching 2026-02-26 00:00:00+00:00 to 2026-02-26 00:00:00+00:00' && curl -s -o /tmp/data/events_2026-02-26.json 'http://events_api:5000/events?start_date=2026-02-26&end_date=2026-02-26'\"]","logger":"airflow.task.hooks.airflow.providers.standard.hooks.subprocess.SubprocessHook","filename":"subprocess.py","lineno":80}
{"timestamp":"2026-02-27T06:24:41.397227Z","level":"info","event":"Output:","logger":"airflow.task.hooks.airflow.providers.standard.hooks.subprocess.SubprocessHook","filename":"subprocess.py","lineno":92}
{"timestamp":"2026-02-27T06:24:41.403168Z","level":"info","event":"Fetching 2026-02-26 00:00:00+00:00 to 2026-02-26 00:00:00+00:00","logger":"airflow.task.hooks.airflow.providers.standard.hooks.subprocess.SubprocessHook","filename":"subprocess.py","lineno":99}
{"timestamp":"2026-02-27T06:24:41.419462Z","level":"info","event":"Command exited with return code 0","logger":"airflow.task.hooks.airflow.providers.standard.hooks.subprocess.SubprocessHook","filename":"subprocess.py","lineno":103}
{"timestamp":"2026-02-27T06:24:41.426860Z","level":"info","event":"Pushing xcom","ti":"RuntimeTaskInstance(id=UUID('019c9dc5-53ab-7bcd-9059-c3607faf0475'), task_id='fetch_events', dag_id='backfilling', run_id='scheduled__2026-02-26T00:00:00+00:00', try_number=1, dag_version_id=UUID('019c9d76-e2cd-7b24-8b1d-e280d3f3c2fb'), map_index=-1, hostname='a470c8b16543', context_carrier={}, task=<Task(BashOperator): fetch_events>, bundle_instance=LocalDagBundle(name=dags-folder), max_tries=0, start_date=datetime.datetime(2026, 2, 27, 6, 24, 40, 982093, tzinfo=datetime.timezone.utc), end_date=None, state=<TaskInstanceState.RUNNING: 'running'>, is_mapped=False, rendered_map_index=None)","logger":"task","filename":"task_runner.py","lineno":1522}
{"timestamp":"2026-02-27T06:24:41.458313Z","level":"info","event":"Task instance in success state","logger":"task.stdout"}
{"timestamp":"2026-02-27T06:24:41.458870Z","level":"info","event":" Previous state of the Task instance: TaskInstanceState.RUNNING","logger":"task.stdout"}
{"timestamp":"2026-02-27T06:24:41.459267Z","level":"info","event":"Task operator:<Task(BashOperator): fetch_events>","logger":"task.stdout"}
